<?xml version="1.0" encoding="UTF-8"?>
<!-- Generated by org.testng.reporters.JUnitReportReporter -->
<testsuite skipped="0" hostname="boyuedeMacBook-Pro.local" name="TestClass" tests="2" failures="0" timestamp="23 七月 2019 06:23:02 GMT" time="30.033" errors="0">
  <testcase name="test1" time="20.034" classname="TestClass"/>
  <testcase name="test2" time="9.999" classname="TestClass"/>
</testsuite> <!-- TestClass -->
